insert_text:0:T
[]
[]
'ABXY'
[('select', 2), ('rect', 2)]
delete:0
[('select', 2), ('rect', 2)]
[(0, 1, ('select', 2)), (2, 3, ('rect', 2))]
delete:1
[('select', 1), ('rect', 2)]
[(0, 0, ('select', 1)), (1, 2, ('rect', 2))]
delete:10
[('code_red', 2), (None, 7), ('code_green', 2)]
[(0, 1, ('code_red', 2)), (2, 8, (None, 7)), (9, 10, ('code_green', 2))]
delete:9
[('code_red', 2), (None, 7), ('code_green', 1)]
[(0, 1, ('code_red', 2)), (2, 8, (None, 7)), (9, 9, ('code_green', 1))]
delete:2
[('code_red', 2), (None, 7), ('code_green', 0)]
[(0, 1, ('code_red', 2)), (2, 8, (None, 7)), (9, 8, ('code_green', 0))]
delete:1
[('code_red', 2), (None, 6), ('code_green', 0)]
[(0, 1, ('code_red', 2)), (2, 7, (None, 6)), (8, 7, ('code_green', 0))]
delete:0
[('code_red', 1), (None, 6), ('code_green', 0)]
[(0, 0, ('code_red', 1)), (1, 6, (None, 6)), (7, 6, ('code_green', 0))]
insert_text:0:q
[('select', 1), ('rect', 1)]
[(0, 0, ('select', 1)), (1, 1, ('rect', 1))]
insert_text:1:f
[]
[]
insert_text:2:f
[]
[]
insert_text:3:f
[]
[]
'ABXY'
[('select', 2), ('rect', 2)]
insert_text:3:a
[('select', 2), ('rect', 2)]
[(0, 1, ('select', 2)), (2, 3, ('rect', 2))]
insert_text:1:a
[('select', 2), ('rect', 3)]
[(0, 1, ('select', 2)), (2, 4, ('rect', 3))]
insert_text:9:a
[]
[]
insert_text:0:a
[('select', 3), ('rect', 3)]
[(0, 2, ('select', 3)), (3, 5, ('rect', 3))]
insert_text:4:a
[('', 1), ('select', 3), ('rect', 3)]
[(0, 0, ('', 1)), (1, 3, ('select', 3)), (4, 6, ('rect', 3))]
backspace:5
[('', 1), ('select', 3), ('', 1), ('rect', 3)]
[(0, 0, ('', 1)), (1, 3, ('select', 3)), (4, 4, ('', 1)), (5, 7, ('rect', 3))]
backspace:4
[('', 1), ('select', 3), ('', 0), ('rect', 3)]
[(0, 0, ('', 1)), (1, 3, ('select', 3)), (4, 3, ('', 0)), (4, 6, ('rect', 3))]
backspace:3
[('', 1), ('select', 2), ('', 0), ('rect', 3)]
[(0, 0, ('', 1)), (1, 2, ('select', 2)), (3, 2, ('', 0)), (3, 5, ('rect', 3))]
backspace:2
[('', 1), ('select', 1), ('', 0), ('rect', 3)]
[(0, 0, ('', 1)), (1, 1, ('select', 1)), (2, 1, ('', 0)), (2, 4, ('rect', 3))]
delete:1
[('', 1), ('select', 0), ('', 0), ('rect', 3)]
[(0, 0, ('', 1)), (1, 0, ('select', 0)), (1, 0, ('', 0)), (1, 3, ('rect', 3))]
delete:1
[('', 1), ('select', 0), ('', 0), ('rect', 2)]
[(0, 0, ('', 1)), (1, 0, ('select', 0)), (1, 0, ('', 0)), (1, 2, ('rect', 2))]
delete:1
[('', 1), ('select', 0), ('', 0), ('rect', 1)]
[(0, 0, ('', 1)), (1, 0, ('select', 0)), (1, 0, ('', 0)), (1, 1, ('rect', 1))]
delete:1
[]
[]
delete:1
[]
[]
delete:1
[]
[]
delete:1
[]
[]
delete:1
[('code_red', 2), (None, 7), ('code_green', 2)]
[(0, 1, ('code_red', 2)), (2, 8, (None, 7)), (9, 10, ('code_green', 2))]
backspace:1
[('code_red', 1), (None, 7), ('code_green', 2)]
[(0, 0, ('code_red', 1)), (1, 7, (None, 7)), (8, 9, ('code_green', 2))]
backspace:8
[('code_red', 0), (None, 7), ('code_green', 2)]
[(0, -1, ('code_red', 0)), (0, 6, (None, 7)), (7, 8, ('code_green', 2))]
delete:7
[('', 1)]
[(0, 0, ('', 1))]
delete:7
[('', 1)]
[(0, 0, ('', 1))]
delete:7
[('', 1)]
[(0, 0, ('', 1))]
delete:7
[('', 1)]
[(0, 0, ('', 1))]
delete:7
[('', 1)]
[(0, 0, ('', 1))]
delete:7
[('', 1)]
[(0, 0, ('', 1))]
delete:7
[('', 1)]
[(0, 0, ('', 1))]
delete:7
[('', 1)]
[(0, 0, ('', 1))]
insert_text:7:q
[('', 1)]
[(0, 0, ('', 1))]
